<?xml version="1.0" encoding="UTF-8"?>
<testng-results skipped="0" failed="0" ignored="0" total="1" passed="1">
  <reporter-output>
  </reporter-output>
  <suite name="Command line suite" duration-ms="121497" started-at="2020-07-03T16:39:38 IST" finished-at="2020-07-03T16:41:40 IST">
    <groups>
    </groups>
    <test name="Command line test" duration-ms="121497" started-at="2020-07-03T16:39:38 IST" finished-at="2020-07-03T16:41:40 IST">
      <class name="nit.Selenum_ebaySearch.EbaySearchTest">
        <test-method status="PASS" signature="search()[pri:0, instance:nit.Selenum_ebaySearch.EbaySearchTest@598067a5]" name="search" duration-ms="121328" started-at="2020-07-03T16:39:38 IST" finished-at="2020-07-03T16:41:40 IST">
          <reporter-output>
          </reporter-output>
        </test-method> <!-- search -->
      </class> <!-- nit.Selenum_ebaySearch.EbaySearchTest -->
    </test> <!-- Command line test -->
  </suite> <!-- Command line suite -->
</testng-results>
